<?xml version="1.0" encoding="UTF-8"?>
<!-- Generated by org.testng.reporters.JUnitReportReporter -->
<testsuite name="com.bees.testcases.Prac" tests="1" time="3.373" ignored="7" failures="0" timestamp="25 May 2021 05:59:12 GMT" skipped="0" hostname="Kalyani" errors="0">
  <testcase name="ffll" time="3.373" classname="com.bees.testcases.Prac"/>
  <testcase name="sssReadMore" classname="com.bees.testcases.Prac">
    <skipped/>
  </testcase> <!-- sssReadMore -->
  <testcase name="validDtaInSearch" classname="com.bees.testcases.Prac">
    <skipped/>
  </testcase> <!-- validDtaInSearch -->
  <testcase name="getData" classname="com.bees.testcases.Prac">
    <skipped/>
  </testcase> <!-- getData -->
  <testcase name="oneReadMoreOfHomePgCheckingTitle" classname="com.bees.testcases.Prac">
    <skipped/>
  </testcase> <!-- oneReadMoreOfHomePgCheckingTitle -->
  <testcase name="test" classname="com.bees.testcases.Prac">
    <skipped/>
  </testcase> <!-- test -->
  <testcase name="ttt" classname="com.bees.testcases.Prac">
    <skipped/>
  </testcase> <!-- ttt -->
  <testcase name="URLoneReadMoreOfHomePg" classname="com.bees.testcases.Prac">
    <skipped/>
  </testcase> <!-- URLoneReadMoreOfHomePg -->
</testsuite> <!-- com.bees.testcases.Prac -->
