<?xml version="1.0" encoding="UTF-8"?>
<!-- Generated by org.testng.reporters.JUnitReportReporter -->
<testsuite name="com.bees.testcases.SoapTest" tests="2" time="1.037" ignored="0" failures="0" timestamp="23 May 2021 13:00:52 GMT" skipped="0" hostname="Kalyani" errors="0">
  <testcase name="verifyDatasheet" time="0.212" classname="com.bees.testcases.SoapTest"/>
  <testcase name="soapDropBox" time="0.825" classname="com.bees.testcases.SoapTest"/>
</testsuite> <!-- com.bees.testcases.SoapTest -->
