<?xml version="1.0" encoding="UTF-8"?>
<!-- Generated by org.testng.reporters.JUnitReportReporter -->
<testsuite name="com.bees.testcases.CandleTest" tests="3" time="1.084" ignored="0" failures="0" timestamp="23 May 2021 12:59:49 GMT" skipped="0" hostname="Kalyani" errors="0">
  <testcase name="verifyDatasheet" time="0.168" classname="com.bees.testcases.CandleTest"/>
  <testcase name="candleSize" time="0.233" classname="com.bees.testcases.CandleTest"/>
  <testcase name="candleDropBox" time="0.683" classname="com.bees.testcases.CandleTest"/>
</testsuite> <!-- com.bees.testcases.CandleTest -->
