<?xml version="1.0" encoding="UTF-8"?>
<!-- Generated by org.testng.reporters.JUnitReportReporter -->
<testsuite name="com.bees.testcases.HomeTest" tests="1" time="1.100" ignored="3" failures="0" timestamp="26 May 2021 06:58:02 GMT" skipped="0" hostname="Kalyani" errors="0">
  <testcase name="searchInvalidData" time="1.100" classname="com.bees.testcases.HomeTest"/>
  <testcase name="verifyTitle" classname="com.bees.testcases.HomeTest">
    <skipped/>
  </testcase> <!-- verifyTitle -->
  <testcase name="windowHandleForReadMore" classname="com.bees.testcases.HomeTest">
    <skipped/>
  </testcase> <!-- windowHandleForReadMore -->
  <testcase name="searchByValidDataGetTitle" classname="com.bees.testcases.HomeTest">
    <skipped/>
  </testcase> <!-- searchByValidDataGetTitle -->
</testsuite> <!-- com.bees.testcases.HomeTest -->
