<?xml version="1.0" encoding="UTF-8"?>
<!-- Generated by org.testng.reporters.JUnitReportReporter -->
<testsuite name="com.bees.testcases.HomeTest" tests="1" time="1.157" ignored="2" failures="0" timestamp="23 May 2021 13:44:45 GMT" skipped="0" hostname="Kalyani" errors="0">
  <testcase name="searchByValidDataGetTitle" time="1.157" classname="com.bees.testcases.HomeTest"/>
  <testcase name="verifyTitle" classname="com.bees.testcases.HomeTest">
    <skipped/>
  </testcase> <!-- verifyTitle -->
  <testcase name="windowHandleForReadMore" classname="com.bees.testcases.HomeTest">
    <skipped/>
  </testcase> <!-- windowHandleForReadMore -->
</testsuite> <!-- com.bees.testcases.HomeTest -->
