<?xml version="1.0" encoding="UTF-8"?>
<!-- Generated by org.testng.reporters.JUnitReportReporter -->
<testsuite name="com.bees.testcases.TincupTest" tests="2" time="0.727" ignored="0" failures="0" timestamp="23 May 2021 13:01:08 GMT" skipped="0" hostname="Kalyani" errors="0">
  <testcase name="verifyDatasheet" time="0.680" classname="com.bees.testcases.TincupTest"/>
  <testcase name="verifyTincupColors" time="0.047" classname="com.bees.testcases.TincupTest"/>
</testsuite> <!-- com.bees.testcases.TincupTest -->
