<?xml version="1.0" encoding="UTF-8"?>
<!-- Generated by org.testng.reporters.JUnitReportReporter -->
<testsuite name="com.bees.testcases.TincupTest" tests="1" time="0.075" ignored="2" failures="0" timestamp="26 May 2021 07:41:58 GMT" skipped="0" hostname="Kalyani" errors="0">
  <testcase name="verifyColorsNames" time="0.075" classname="com.bees.testcases.TincupTest"/>
  <testcase name="verifyDatasheet" classname="com.bees.testcases.TincupTest">
    <skipped/>
  </testcase> <!-- verifyDatasheet -->
  <testcase name="verifyTincupBackGroundColors" classname="com.bees.testcases.TincupTest">
    <skipped/>
  </testcase> <!-- verifyTincupBackGroundColors -->
</testsuite> <!-- com.bees.testcases.TincupTest -->
