<?xml version="1.0" encoding="UTF-8"?>
<!-- Generated by org.testng.reporters.JUnitReportReporter -->
<testsuite name="com.bees.testcases.CoffeeTest" tests="2" time="0.829" ignored="0" failures="0" timestamp="23 May 2021 13:00:24 GMT" skipped="0" hostname="Kalyani" errors="0">
  <testcase name="verifyDatasheet" time="0.148" classname="com.bees.testcases.CoffeeTest"/>
  <testcase name="coffeeDropBox" time="0.681" classname="com.bees.testcases.CoffeeTest"/>
</testsuite> <!-- com.bees.testcases.CoffeeTest -->
