<?xml version="1.0" encoding="UTF-8"?>
<!-- Generated by org.testng.reporters.JUnitReportReporter -->
<testsuite name="com.bees.testcases.CoffeeAndTeaTest" tests="1" time="0.983" ignored="4" failures="0" timestamp="25 May 2021 06:26:38 GMT" skipped="0" hostname="Kalyani" errors="0">
  <testcase name="zToAFiltering" time="0.983" classname="com.bees.testcases.CoffeeAndTeaTest"/>
  <testcase name="aToZsorting" classname="com.bees.testcases.CoffeeAndTeaTest">
    <skipped/>
  </testcase> <!-- aToZsorting -->
  <testcase name="sortingByPrice" classname="com.bees.testcases.CoffeeAndTeaTest">
    <skipped/>
  </testcase> <!-- sortingByPrice -->
  <testcase name="descSortProductPrices" classname="com.bees.testcases.CoffeeAndTeaTest">
    <skipped/>
  </testcase> <!-- descSortProductPrices -->
  <testcase name="priceSortDropDownList" classname="com.bees.testcases.CoffeeAndTeaTest">
    <skipped/>
  </testcase> <!-- priceSortDropDownList -->
</testsuite> <!-- com.bees.testcases.CoffeeAndTeaTest -->
